SF:lib\model\appointment.dart
DA:12,1
DA:22,0
DA:23,0
DA:24,0
DA:25,0
DA:26,0
DA:27,0
DA:28,0
DA:29,0
DA:30,0
DA:31,0
DA:35,0
DA:36,0
DA:38,0
DA:39,0
DA:40,0
DA:41,0
DA:42,0
LF:18
LH:1
end_of_record
SF:lib\model\ice_info.dart
DA:19,1
DA:36,0
DA:37,0
DA:38,0
DA:39,0
DA:40,0
DA:41,0
DA:42,0
DA:43,0
DA:44,0
DA:45,0
DA:46,0
DA:47,0
DA:48,0
DA:49,0
DA:50,0
DA:51,0
DA:52,0
DA:56,0
DA:57,0
DA:59,0
DA:60,0
DA:61,0
DA:62,0
DA:63,0
DA:64,0
DA:65,0
DA:66,0
DA:67,0
DA:68,0
DA:69,0
DA:70,0
LF:32
LH:1
end_of_record
SF:lib\model\notebook.dart
DA:10,1
DA:18,0
DA:19,0
DA:20,0
DA:21,0
DA:22,0
DA:23,0
DA:24,0
DA:25,0
DA:29,0
DA:30,0
DA:32,0
DA:33,0
DA:34,0
LF:14
LH:1
end_of_record
SF:lib\services\appointment_service.dart
DA:8,0
DA:9,1
DA:11,1
DA:12,2
DA:15,1
DA:16,2
DA:19,1
DA:20,2
DA:23,1
DA:24,2
LF:10
LH:9
end_of_record
SF:lib\services\auth_service.dart
DA:6,1
DA:7,0
DA:9,1
DA:14,1
DA:15,1
DA:17,2
DA:23,1
DA:24,2
DA:30,1
DA:31,2
DA:34,0
DA:35,0
DA:38,0
DA:39,0
LF:14
LH:9
end_of_record
SF:lib\services\ice_service.dart
DA:8,0
DA:9,1
DA:11,1
DA:12,2
DA:15,1
DA:16,2
DA:19,1
DA:20,2
DA:23,1
DA:24,2
LF:10
LH:9
end_of_record
SF:lib\services\notebook_service.dart
DA:8,0
DA:9,1
DA:11,1
DA:12,2
DA:15,1
DA:16,2
DA:19,1
DA:20,2
DA:23,1
DA:24,2
LF:10
LH:9
end_of_record
SF:lib\services\repository_impl.dart
DA:14,0
DA:16,0
DA:17,0
DA:18,0
DA:20,0
DA:22,0
DA:25,0
DA:27,0
DA:28,0
DA:29,0
DA:30,0
DA:32,0
DA:33,0
DA:36,0
DA:39,0
DA:40,0
DA:41,0
DA:42,0
DA:43,0
DA:44,0
DA:45,0
DA:48,0
DA:50,0
DA:51,0
DA:52,0
DA:53,0
DA:56,0
DA:58,0
DA:59,0
DA:60,0
DA:62,0
DA:64,0
DA:67,0
DA:69,0
DA:70,0
DA:71,0
DA:72,0
DA:74,0
DA:75,0
DA:78,0
DA:81,0
DA:82,0
DA:83,0
DA:84,0
DA:85,0
DA:88,0
DA:90,0
DA:91,0
DA:94,0
DA:96,0
DA:97,0
DA:98,0
DA:100,0
DA:102,0
DA:105,0
DA:107,0
DA:108,0
DA:109,0
DA:110,0
DA:112,0
DA:113,0
DA:116,0
DA:119,0
DA:120,0
DA:121,0
DA:122,0
DA:123,0
DA:126,0
DA:128,0
DA:129,0
DA:132,0
DA:134,0
DA:135,0
LF:73
LH:0
end_of_record
