SF:lib\model\appointment.dart
DA:12,2
DA:22,0
DA:23,0
DA:24,0
DA:25,0
DA:26,0
DA:27,0
DA:28,0
DA:29,0
DA:30,0
DA:31,0
DA:35,0
DA:36,0
DA:38,0
DA:39,0
DA:40,0
DA:41,0
DA:42,0
LF:18
LH:1
end_of_record
SF:lib\services\appointment_service.dart
DA:8,0
DA:9,2
DA:11,2
DA:12,4
DA:15,2
DA:16,4
DA:19,2
DA:20,4
DA:23,2
DA:24,4
LF:10
LH:9
end_of_record
SF:lib\model\ice_info.dart
DA:19,2
DA:36,0
DA:37,0
DA:38,0
DA:39,0
DA:40,0
DA:41,0
DA:42,0
DA:43,0
DA:44,0
DA:45,0
DA:46,0
DA:47,0
DA:48,0
DA:49,0
DA:50,0
DA:51,0
DA:52,0
DA:56,0
DA:57,0
DA:59,0
DA:60,0
DA:61,0
DA:62,0
DA:63,0
DA:64,0
DA:65,0
DA:66,0
DA:67,0
DA:68,0
DA:69,0
DA:70,0
LF:32
LH:1
end_of_record
SF:lib\model\notebook.dart
DA:10,3
DA:18,0
DA:19,0
DA:20,0
DA:21,0
DA:22,0
DA:23,0
DA:24,0
DA:25,0
DA:29,0
DA:30,0
DA:32,0
DA:33,0
DA:34,0
LF:14
LH:1
end_of_record
SF:lib\services\repository_impl.dart
DA:14,0
DA:16,0
DA:17,0
DA:18,0
DA:20,0
DA:22,0
DA:25,0
DA:27,0
DA:28,0
DA:29,0
DA:30,0
DA:32,0
DA:33,0
DA:36,0
DA:39,0
DA:40,0
DA:41,0
DA:42,0
DA:43,0
DA:44,0
DA:45,0
DA:48,0
DA:50,0
DA:51,0
DA:52,0
DA:53,0
DA:56,0
DA:58,0
DA:59,0
DA:60,0
DA:62,0
DA:64,0
DA:67,0
DA:69,0
DA:70,0
DA:71,0
DA:72,0
DA:74,0
DA:75,0
DA:78,0
DA:81,0
DA:82,0
DA:83,0
DA:84,0
DA:85,0
DA:88,0
DA:90,0
DA:91,0
DA:94,0
DA:96,0
DA:97,0
DA:98,0
DA:100,0
DA:102,0
DA:105,0
DA:107,0
DA:108,0
DA:109,0
DA:110,0
DA:112,0
DA:113,0
DA:116,0
DA:119,0
DA:120,0
DA:121,0
DA:122,0
DA:123,0
DA:126,0
DA:128,0
DA:129,0
DA:132,0
DA:134,0
DA:135,0
LF:73
LH:0
end_of_record
SF:lib\services\auth_service.dart
DA:6,2
DA:7,0
DA:9,2
DA:14,2
DA:15,2
DA:17,4
DA:23,2
DA:24,4
DA:30,2
DA:31,4
DA:34,0
DA:35,0
DA:38,0
DA:39,0
LF:14
LH:9
end_of_record
SF:lib\services\chat_service.dart
DA:9,2
DA:11,2
DA:13,4
DA:16,0
DA:17,0
DA:23,2
DA:25,2
DA:26,4
DA:28,2
DA:29,2
DA:31,2
DA:37,4
DA:38,2
DA:39,2
DA:41,2
DA:46,4
DA:47,4
DA:48,8
DA:57,2
DA:59,2
DA:60,2
DA:61,2
DA:64,4
DA:71,4
DA:72,2
DA:73,2
DA:75,2
DA:80,4
DA:81,4
DA:82,8
LF:30
LH:28
end_of_record
SF:lib\services\geo_service.dart
DA:15,2
DA:17,0
DA:19,0
DA:22,0
DA:23,0
DA:29,2
DA:30,2
DA:31,2
DA:32,2
DA:34,4
DA:35,2
DA:36,2
DA:40,4
DA:41,4
DA:43,0
DA:47,2
DA:48,2
DA:49,2
DA:50,2
DA:52,4
DA:53,2
DA:54,2
DA:58,4
DA:59,4
DA:61,0
DA:66,2
DA:67,2
DA:68,2
DA:70,4
DA:71,6
DA:72,6
DA:73,4
DA:74,4
DA:75,8
DA:76,8
DA:78,2
DA:79,2
DA:80,2
LF:38
LH:32
end_of_record
SF:lib\services\insert_pdf_service.dart
DA:14,2
DA:18,0
DA:19,0
DA:20,0
DA:22,2
DA:24,4
DA:30,4
DA:31,2
DA:32,0
DA:33,0
DA:39,2
DA:40,2
DA:41,2
DA:42,2
DA:44,4
DA:45,2
DA:49,2
DA:50,4
DA:52,2
DA:55,4
DA:64,0
DA:65,0
DA:67,0
DA:68,0
DA:70,0
DA:74,0
DA:75,0
LF:27
LH:15
end_of_record
SF:lib\services\notebook_service.dart
DA:8,0
DA:9,2
DA:11,2
DA:12,4
DA:15,2
DA:16,4
DA:19,2
DA:20,4
DA:23,2
DA:24,4
LF:10
LH:9
end_of_record
SF:lib\model\building.dart
DA:10,2
LF:1
LH:1
end_of_record
SF:lib\services\ice_service.dart
DA:8,0
DA:9,2
DA:11,2
DA:12,4
DA:15,2
DA:16,4
DA:19,2
DA:20,4
DA:23,2
DA:24,4
LF:10
LH:9
end_of_record
